Build started 04/12/2016 10:02:30 CH.
     1>Project "D:\IT Modern Issues\NativeProj\NativeProj\Vehicle_Counting\Vehicle_Counting.vcxproj" on node 2 (Build target(s)).
     1>ClCompile:
         D:\Visual Studio 2013\Visual Studio 2013\VC\bin\CL.exe /c /IE:\opencv\build\include /ZI /nologo /W3 /WX- /Od /Oy- /D WIN32 /D _DEBUG /D _CONSOLE /D _UNICODE /D UNICODE /Gm /EHsc /RTC1 /MDd /GS /fp:precise /Zc:wchar_t /Zc:forScope /Fo"Debug\\" /Fd"Debug\vc120.pdb" /Gd /TP /analyze- /errorReport:prompt Blob.cpp VehicleCounting.cpp main.cpp
         main.cpp
     1>d:\it modern issues\nativeproj\nativeproj\vehicle_counting\vehiclecounting.h(4): fatal error C1083: Cannot open include file: 'opencv2/core/core.hpp': No such file or directory
         VehicleCounting.cpp
     1>d:\it modern issues\nativeproj\nativeproj\vehicle_counting\vehiclecounting.h(4): fatal error C1083: Cannot open include file: 'opencv2/core/core.hpp': No such file or directory
         Blob.cpp
     1>d:\it modern issues\nativeproj\nativeproj\vehicle_counting\blob.h(6): fatal error C1083: Cannot open include file: 'opencv2/core/core.hpp': No such file or directory
         Generating Code...
     1>Done Building Project "D:\IT Modern Issues\NativeProj\NativeProj\Vehicle_Counting\Vehicle_Counting.vcxproj" (Build target(s)) -- FAILED.

Build FAILED.

Time Elapsed 00:00:04.88
